c:\users\pawan\downloads\c++\dictionary\x64\debug\vc143.pdb
c:\users\pawan\downloads\c++\dictionary\x64\debug\vc143.idb
c:\users\pawan\downloads\c++\dictionary\x64\debug\trie.obj
c:\users\pawan\downloads\c++\dictionary\x64\debug\imgui_widgets.obj
c:\users\pawan\downloads\c++\dictionary\x64\debug\imgui_tables.obj
c:\users\pawan\downloads\c++\dictionary\x64\debug\imgui_draw.obj
c:\users\pawan\downloads\c++\dictionary\x64\debug\imgui_demo.obj
c:\users\pawan\downloads\c++\dictionary\x64\debug\imgui.obj
c:\users\pawan\downloads\c++\dictionary\x64\debug\imgui_impl_win32.obj
c:\users\pawan\downloads\c++\dictionary\x64\debug\imgui_impl_dx12.obj
c:\users\pawan\downloads\c++\dictionary\x64\debug\imgui_stdlib.obj
c:\users\pawan\downloads\c++\dictionary\x64\debug\source.obj
c:\users\pawan\downloads\c++\dictionary\x64\debug\dictionary.exe
c:\users\pawan\downloads\c++\dictionary\x64\debug\dictionary.ilk
c:\users\pawan\downloads\c++\dictionary\x64\debug\dictionary.pdb
c:\users\pawan\downloads\c++\dictionary\x64\debug\dictionary.tlog\cl.command.1.tlog
c:\users\pawan\downloads\c++\dictionary\x64\debug\dictionary.tlog\cl.items.tlog
c:\users\pawan\downloads\c++\dictionary\x64\debug\dictionary.tlog\cl.read.1.tlog
c:\users\pawan\downloads\c++\dictionary\x64\debug\dictionary.tlog\cl.write.1.tlog
c:\users\pawan\downloads\c++\dictionary\x64\debug\dictionary.tlog\link.command.1.tlog
c:\users\pawan\downloads\c++\dictionary\x64\debug\dictionary.tlog\link.read.1.tlog
c:\users\pawan\downloads\c++\dictionary\x64\debug\dictionary.tlog\link.write.1.tlog
